[debug] [2025-09-28T14:28:04.789Z] ----------------------------------------------------------------------
[debug] [2025-09-28T14:28:04.791Z] Command:       /Users/vedant/.nvm/versions/node/v22.19.0/bin/node /Users/vedant/.nvm/versions/node/v22.19.0/bin/firebase init firestore
[debug] [2025-09-28T14:28:04.791Z] CLI Version:   14.15.2
[debug] [2025-09-28T14:28:04.791Z] Platform:      darwin
[debug] [2025-09-28T14:28:04.791Z] Node Version:  v22.19.0
[debug] [2025-09-28T14:28:04.791Z] Time:          Sun Sep 28 2025 19:58:04 GMT+0530 (India Standard Time)
[debug] [2025-09-28T14:28:04.791Z] ----------------------------------------------------------------------
[debug] 
[debug] [2025-09-28T14:28:04.794Z] > command requires scopes: ["email","openid","https://www.googleapis.com/auth/cloudplatformprojects.readonly","https://www.googleapis.com/auth/firebase","https://www.googleapis.com/auth/cloud-platform"]
[debug] [2025-09-28T14:28:04.794Z] > authorizing via signed-in user (vedant.purkar05@gmail.com)
[info] 
     ######## #### ########  ######## ########     ###     ######  ########
     ##        ##  ##     ## ##       ##     ##  ##   ##  ##       ##
     ######    ##  ########  ######   ########  #########  ######  ######
     ##        ##  ##    ##  ##       ##     ## ##     ##       ## ##
     ##       #### ##     ## ######## ########  ##     ##  ######  ########

You're about to initialize a Firebase project in this directory:

  /Users/vedant/Desktop/Seizure

[info] 
=== Project Setup
[info] 
[info] First, let's associate this project directory with a Firebase project.
[info] You can create multiple project aliases by running firebase use --add, 
[info] but for now we'll just set up a default project.
[info] 
[debug] [2025-09-28T14:28:27.811Z] ExitPromptError: User force closed the prompt with SIGINT
    at Interface.sigint (/Users/vedant/.nvm/versions/node/v22.19.0/lib/node_modules/firebase-tools/node_modules/@inquirer/core/dist/commonjs/lib/create-prompt.js:101:37)
    at Interface.emit (node:events:519:28)
    at Interface.emit (node:domain:489:12)
    at [_ttyWrite] [as _ttyWrite] (node:internal/readline/interface:1132:18)
    at ReadStream.onkeypress (node:internal/readline/interface:271:20)
    at ReadStream.emit (node:events:531:35)
    at ReadStream.emit (node:domain:489:12)
    at emitKeys (node:internal/readline/utils:370:14)
    at emitKeys.next (<anonymous>)
    at ReadStream.onData (node:internal/readline/emitKeypressEvents:64:36)
[error] 
[error] Error: An unexpected error has occurred.
